<?xml version="1.0" encoding="UTF-8"?>
<!-- Generated by org.testng.reporters.JUnitReportReporter -->
<testsuite hostname="Toram" failures="0" tests="2" name="functional.RydTopUpTests" time="78.667" errors="0" timestamp="2023-05-30T10:54:53 CEST" skipped="0">
  <testcase classname="functional.RydTopUpTests" name="topUpWith3DS" time="45.762"/>
  <testcase classname="functional.RydTopUpTests" name="topUpWithout3DS" time="32.905"/>
</testsuite> <!-- functional.RydTopUpTests -->
